c:\users\user\source\repos\toyproject-cli\toyproject-cli\debug\vc142.pdb
c:\users\user\source\repos\toyproject-cli\toyproject-cli\debug\vc142.idb
c:\users\user\source\repos\toyproject-cli\toyproject-cli\debug\socketclass.obj
c:\users\user\source\repos\toyproject-cli\toyproject-cli\debug\main.obj
c:\users\user\source\repos\toyproject-cli\debug\toyproject-cli.pdb
c:\users\user\source\repos\toyproject-cli\toyproject-cli\debug\toyproject-cli.tlog\cl.command.1.tlog
c:\users\user\source\repos\toyproject-cli\toyproject-cli\debug\toyproject-cli.tlog\cl.read.1.tlog
c:\users\user\source\repos\toyproject-cli\toyproject-cli\debug\toyproject-cli.tlog\cl.write.1.tlog
c:\users\user\source\repos\toyproject-cli\toyproject-cli\debug\toyproject-cli.tlog\link-cvtres.read.1.tlog
c:\users\user\source\repos\toyproject-cli\toyproject-cli\debug\toyproject-cli.tlog\link-cvtres.write.1.tlog
c:\users\user\source\repos\toyproject-cli\toyproject-cli\debug\toyproject-cli.tlog\link-rc.read.1.tlog
c:\users\user\source\repos\toyproject-cli\toyproject-cli\debug\toyproject-cli.tlog\link-rc.write.1.tlog
c:\users\user\source\repos\toyproject-cli\toyproject-cli\debug\toyproject-cli.tlog\link.10564-cvtres.read.1.tlog
c:\users\user\source\repos\toyproject-cli\toyproject-cli\debug\toyproject-cli.tlog\link.10564-cvtres.write.1.tlog
c:\users\user\source\repos\toyproject-cli\toyproject-cli\debug\toyproject-cli.tlog\link.10564-rc.read.1.tlog
c:\users\user\source\repos\toyproject-cli\toyproject-cli\debug\toyproject-cli.tlog\link.10564-rc.write.1.tlog
c:\users\user\source\repos\toyproject-cli\toyproject-cli\debug\toyproject-cli.tlog\link.10564.read.1.tlog
c:\users\user\source\repos\toyproject-cli\toyproject-cli\debug\toyproject-cli.tlog\link.10564.write.1.tlog
c:\users\user\source\repos\toyproject-cli\toyproject-cli\debug\toyproject-cli.tlog\link.command.1.tlog
c:\users\user\source\repos\toyproject-cli\toyproject-cli\debug\toyproject-cli.tlog\link.read.1.tlog
c:\users\user\source\repos\toyproject-cli\toyproject-cli\debug\toyproject-cli.tlog\link.write.1.tlog
